<html xmlns:math="http://exslt.org/math" xmlns:testng="http://testng.org">
   <head>
      <title>TestNG Results</title>
      <meta http-equiv="content-type" content="text/html; charset=utf-8"></meta>
      <meta http-equiv="pragma" content="no-cache"></meta>
      <meta http-equiv="cache-control" content="max-age=0"></meta>
      <meta http-equiv="cache-control" content="no-cache"></meta>
      <meta http-equiv="cache-control" content="no-store"></meta>
      <LINK rel="stylesheet" href="style.css"></LINK>
      <script type="text/javascript" src="main.js"></script>
   </head>
   <body>
      <table width="100%" style="font-size: 16px; margin-bottom: 10px;" cellspacing="1">
         <tr>
            <td width="100%">
               All methods in suite
               
               <b>Suite</b>
            </td>
            <td style="background-color: #FFBBBB; padding: 3px 3px 3px 0;" align="center">
               <div style="width: 50px;">1</div>
            </td>
            <td style="background-color: lightgreen; padding: 3px 3px 3px 0;" align="center">
               <div style="width: 50px;">0</div>
            </td>
            <td style="background-color: #FFFFBB; padding: 3px 3px 3px 0;" align="center">
               <div style="width: 50px;">0</div>
            </td>
            <td align="center" style="background-color: #eaf0f7; padding: 3px 3px 3px 0;">
               <div style="width: 50px;">1</div>
            </td>
            <td align="center"
                style="font-weight: bold; background-color: #eaf0f7; padding: 3px 3px 3px 0;">
               <div style="width: 50px;">0%</div>
            </td>
            <td style="background-color: #eaf0f7; padding: 3px 3px 3px 0;" align="center"
                nowrap="true">30s
               
            </td>
         </tr>
      </table>
      <div style="width: 200px;">
         <label for="groupMethodsCheckBox" style="font-weight: bold; margin: 0;">
            <input id="groupMethodsCheckBox" type="checkbox" onclick="switchTestMethodsView(this)"
                   checked=""></input>
            Group by class
            
         </label>
         <br></br>
         <label for="methodsFilter_ALL" style="font-weight: bold; margin: 0;">
            <input id="methodsFilter_ALL" type="checkbox"
                   onclick="testMethodsFilterChanged(this, 'ALL')"
                   checked=""></input>
            All
            
         </label>
      </div>
      <label for="methodsFilter_FAIL" style="margin-left: 20px;">
         <input id="methodsFilter_FAIL" type="checkbox"
                onclick="testMethodsFilterChanged(this, 'FAIL')"
                checked=""></input>
         Failed
         
      </label>
      <label for="methodsFilter_PASS">
         <input id="methodsFilter_PASS" type="checkbox"
                onclick="testMethodsFilterChanged(this, 'PASS')"
                checked=""></input>
         Passed
         
      </label>
      <label for="methodsFilter_SKIP">
         <input id="methodsFilter_SKIP" type="checkbox"
                onclick="testMethodsFilterChanged(this, 'SKIP')"
                checked=""></input>
         Skipped
         
      </label>
      <label for="methodsFilter_CONF">
         <input id="methodsFilter_CONF" type="checkbox"
                onclick="testMethodsFilterChanged(this, 'CONF')"
                checked=""></input>
         Config
         
      </label>
      <br></br>
      <div id="testMethodsByStatus" style="display: none;">
         <table class="testMethodsTable" cellpadding="0" cellspacing="0">
            <tr class="methodsTableHeader">
               <td width="100%">Name</td>
               <td nowrap="true">Started</td>
               <td nowrap="true">Duration</td>
               <td>Exception</td>
            </tr>
            <tr id="ExtentReportsDemo.FirstReport_Login_byStatus_failed_FAIL1_row"
                class="testMethodStatusFAIL">
               <td width="100%" class="firstMethodCell">
                  <a onclick="toggleDetailsVisibility('ExtentReportsDemo.FirstReport_Login_byStatus_failed_FAIL1_details')">Login()</a>
               </td>
               <td nowrap="true">08:16:30</td>
               <td nowrap="true" align="right">6s
                  
               </td>
               <td nowrap="true">
                  <a onclick="toggleDetailsVisibility('ExtentReportsDemo.FirstReport_Login_byStatus_failed_FAIL1_exception')">java.lang.AssertionError: 
                     expected [dshttps://www.facebook.com/login.php?login_attempt=1&amp;lwv=110] but found [https://www.facebook.com/login.php?login_attempt=1&amp;lwv=110]
                     
                  </a>
                   
                  
               </td>
            </tr>
            <tr>
               <td colspan="4" class="detailsBox">
                  <div id="ExtentReportsDemo.FirstReport_Login_byStatus_failed_FAIL1_details"
                       class="testMethodDetails">
                     <div>
                        <b>Name: </b>Login
                     </div>
                     <div>
                        <b>Signature: </b>Login()[pri:0, instance:ExtentReportsDemo.FirstReport@a7b76d]
                     </div>
                     <div>
                        <b>Start time: </b>08:16:30
                     </div>
                     <div>
                        <b>End time: </b>08:16:37
                     </div>
                     <div>
                        <b>Duration: </b>6s
                        
                     </div>
                  </div>
               </td>
            </tr>
            <tr>
               <td colspan="4" class="detailsBox">
                  <div id="ExtentReportsDemo.FirstReport_Login_byStatus_failed_FAIL1_exception"
                       class="testMethodDetails">
                     <pre style="padding: 5px; margin: 0;">java.lang.AssertionError: expected [dshttps://www.facebook.com/login.php?login_attempt=1&amp;lwv=110] but found [https://www.facebook.com/login.php?login_attempt=1&amp;lwv=110]
                        at org.testng.Assert.fail(Assert.java:96)
                        at org.testng.Assert.failNotEquals(Assert.java:776)
                        at org.testng.Assert.assertEqualsImpl(Assert.java:137)
                        at org.testng.Assert.assertEquals(Assert.java:118)
                        at org.testng.Assert.assertEquals(Assert.java:453)
                        at org.testng.Assert.assertEquals(Assert.java:463)
                        at ExtentReportsDemo.FirstReport.Login(FirstReport.java:61)
                        at sun.reflect.NativeMethodAccessorImpl.invoke0(Native Method)
                        at sun.reflect.NativeMethodAccessorImpl.invoke(Unknown Source)
                        at sun.reflect.DelegatingMethodAccessorImpl.invoke(Unknown Source)
                        at java.lang.reflect.Method.invoke(Unknown Source)
                        at org.testng.internal.MethodInvocationHelper.invokeMethod(MethodInvocationHelper.java:124)
                        at org.testng.internal.Invoker.invokeMethod(Invoker.java:580)
                        at org.testng.internal.Invoker.invokeTestMethod(Invoker.java:716)
                        at org.testng.internal.Invoker.invokeTestMethods(Invoker.java:988)
                        at org.testng.internal.TestMethodWorker.invokeTestMethods(TestMethodWorker.java:125)
                        at org.testng.internal.TestMethodWorker.run(TestMethodWorker.java:109)
                        at org.testng.TestRunner.privateRun(TestRunner.java:648)
                        at org.testng.TestRunner.run(TestRunner.java:505)
                        at org.testng.SuiteRunner.runTest(SuiteRunner.java:455)
                        at org.testng.SuiteRunner.runSequentially(SuiteRunner.java:450)
                        at org.testng.SuiteRunner.privateRun(SuiteRunner.java:415)
                        at org.testng.SuiteRunner.run(SuiteRunner.java:364)
                        at org.testng.SuiteRunnerWorker.runSuite(SuiteRunnerWorker.java:52)
                        at org.testng.SuiteRunnerWorker.run(SuiteRunnerWorker.java:84)
                        at org.testng.TestNG.runSuitesSequentially(TestNG.java:1208)
                        at org.testng.TestNG.runSuitesLocally(TestNG.java:1137)
                        at org.testng.TestNG.runSuites(TestNG.java:1049)
                        at org.testng.TestNG.run(TestNG.java:1017)
                        at org.testng.remote.AbstractRemoteTestNG.run(AbstractRemoteTestNG.java:114)
                        at org.testng.remote.RemoteTestNG.initAndRun(RemoteTestNG.java:251)
                        at org.testng.remote.RemoteTestNG.main(RemoteTestNG.java:77)
                     </pre>
                  </div>
               </td>
            </tr>
            <tr id="ExtentReportsDemo.FirstReport_OpeningBroswer_byStatus_passed_PASS1_row"
                class="testMethodStatusPASS testMethodStatusCONF">
               <td width="100%" class="firstMethodCell">
                  <a onclick="toggleDetailsVisibility('ExtentReportsDemo.FirstReport_OpeningBroswer_byStatus_passed_PASS1_details')">OpeningBroswer()</a>
               </td>
               <td nowrap="true">08:16:07</td>
               <td nowrap="true" align="right">23s
                  
               </td>
               <td nowrap="true">
                   
                  
               </td>
            </tr>
            <tr>
               <td colspan="4" class="detailsBox">
                  <div id="ExtentReportsDemo.FirstReport_OpeningBroswer_byStatus_passed_PASS1_details"
                       class="testMethodDetails">
                     <div>
                        <b>Name: </b>OpeningBroswer
                     </div>
                     <div>
                        <b>Signature: </b>OpeningBroswer()[pri:0, instance:ExtentReportsDemo.FirstReport@a7b76d]
                     </div>
                     <div>
                        <b>Start time: </b>08:16:07
                     </div>
                     <div>
                        <b>End time: </b>08:16:30
                     </div>
                     <div>
                        <b>Duration: </b>23s
                        
                     </div>
                  </div>
               </td>
            </tr>
            <tr></tr>
            <tr id="ExtentReportsDemo.FirstReport_CloseBrowser_byStatus_passed_PASS2_row"
                class="testMethodStatusPASS testMethodStatusCONF">
               <td width="100%" class="firstMethodCell">
                  <a onclick="toggleDetailsVisibility('ExtentReportsDemo.FirstReport_CloseBrowser_byStatus_passed_PASS2_details')">CloseBrowser()</a>
               </td>
               <td nowrap="true">08:16:37</td>
               <td nowrap="true" align="right">136 ms
                  
               </td>
               <td nowrap="true">
                   
                  
               </td>
            </tr>
            <tr>
               <td colspan="4" class="detailsBox">
                  <div id="ExtentReportsDemo.FirstReport_CloseBrowser_byStatus_passed_PASS2_details"
                       class="testMethodDetails">
                     <div>
                        <b>Name: </b>CloseBrowser
                     </div>
                     <div>
                        <b>Signature: </b>CloseBrowser()[pri:0, instance:ExtentReportsDemo.FirstReport@a7b76d]
                     </div>
                     <div>
                        <b>Start time: </b>08:16:37
                     </div>
                     <div>
                        <b>End time: </b>08:16:37
                     </div>
                     <div>
                        <b>Duration: </b>136 ms
                        
                     </div>
                  </div>
               </td>
            </tr>
            <tr></tr>
         </table>
      </div>
      <div id="testMethodsByClass">
         <table class="testMethodsTable" cellpadding="0" cellspacing="0">
            <tr>
               <td colspan="4">
                  <h3 style="display: inline;">ExtentReportsDemo.FirstReport</h3>
               </td>
            </tr>
            <tr class="methodsTableHeader">
               <td width="100%">Name</td>
               <td nowrap="true">Started</td>
               <td nowrap="true">Duration</td>
               <td>Exception</td>
            </tr>
            <tr id="ExtentReportsDemo.FirstReport_OpeningBroswer_byClass_PASS1_row"
                class="testMethodStatusPASS testMethodStatusCONF">
               <td width="100%" class="firstMethodCell">
                  <a onclick="toggleDetailsVisibility('ExtentReportsDemo.FirstReport_OpeningBroswer_byClass_PASS1_details')">OpeningBroswer()</a>
               </td>
               <td nowrap="true">08:16:07</td>
               <td nowrap="true" align="right">23s
                  
               </td>
               <td nowrap="true">
                   
                  
               </td>
            </tr>
            <tr>
               <td colspan="4" class="detailsBox">
                  <div id="ExtentReportsDemo.FirstReport_OpeningBroswer_byClass_PASS1_details"
                       class="testMethodDetails">
                     <div>
                        <b>Name: </b>OpeningBroswer
                     </div>
                     <div>
                        <b>Signature: </b>OpeningBroswer()[pri:0, instance:ExtentReportsDemo.FirstReport@a7b76d]
                     </div>
                     <div>
                        <b>Start time: </b>08:16:07
                     </div>
                     <div>
                        <b>End time: </b>08:16:30
                     </div>
                     <div>
                        <b>Duration: </b>23s
                        
                     </div>
                  </div>
               </td>
            </tr>
            <tr></tr>
            <tr id="ExtentReportsDemo.FirstReport_Login_byClass_FAIL2_row"
                class="testMethodStatusFAIL">
               <td width="100%" class="firstMethodCell">
                  <a onclick="toggleDetailsVisibility('ExtentReportsDemo.FirstReport_Login_byClass_FAIL2_details')">Login()</a>
               </td>
               <td nowrap="true">08:16:30</td>
               <td nowrap="true" align="right">6s
                  
               </td>
               <td nowrap="true">
                  <a onclick="toggleDetailsVisibility('ExtentReportsDemo.FirstReport_Login_byClass_FAIL2_exception')">java.lang.AssertionError: 
                     expected [dshttps://www.facebook.com/login.php?login_attempt=1&amp;lwv=110] but found [https://www.facebook.com/login.php?login_attempt=1&amp;lwv=110]
                     
                  </a>
                   
                  
               </td>
            </tr>
            <tr>
               <td colspan="4" class="detailsBox">
                  <div id="ExtentReportsDemo.FirstReport_Login_byClass_FAIL2_details"
                       class="testMethodDetails">
                     <div>
                        <b>Name: </b>Login
                     </div>
                     <div>
                        <b>Signature: </b>Login()[pri:0, instance:ExtentReportsDemo.FirstReport@a7b76d]
                     </div>
                     <div>
                        <b>Start time: </b>08:16:30
                     </div>
                     <div>
                        <b>End time: </b>08:16:37
                     </div>
                     <div>
                        <b>Duration: </b>6s
                        
                     </div>
                  </div>
               </td>
            </tr>
            <tr>
               <td colspan="4" class="detailsBox">
                  <div id="ExtentReportsDemo.FirstReport_Login_byClass_FAIL2_exception"
                       class="testMethodDetails">
                     <pre style="padding: 5px; margin: 0;">java.lang.AssertionError: expected [dshttps://www.facebook.com/login.php?login_attempt=1&amp;lwv=110] but found [https://www.facebook.com/login.php?login_attempt=1&amp;lwv=110]
                        at org.testng.Assert.fail(Assert.java:96)
                        at org.testng.Assert.failNotEquals(Assert.java:776)
                        at org.testng.Assert.assertEqualsImpl(Assert.java:137)
                        at org.testng.Assert.assertEquals(Assert.java:118)
                        at org.testng.Assert.assertEquals(Assert.java:453)
                        at org.testng.Assert.assertEquals(Assert.java:463)
                        at ExtentReportsDemo.FirstReport.Login(FirstReport.java:61)
                        at sun.reflect.NativeMethodAccessorImpl.invoke0(Native Method)
                        at sun.reflect.NativeMethodAccessorImpl.invoke(Unknown Source)
                        at sun.reflect.DelegatingMethodAccessorImpl.invoke(Unknown Source)
                        at java.lang.reflect.Method.invoke(Unknown Source)
                        at org.testng.internal.MethodInvocationHelper.invokeMethod(MethodInvocationHelper.java:124)
                        at org.testng.internal.Invoker.invokeMethod(Invoker.java:580)
                        at org.testng.internal.Invoker.invokeTestMethod(Invoker.java:716)
                        at org.testng.internal.Invoker.invokeTestMethods(Invoker.java:988)
                        at org.testng.internal.TestMethodWorker.invokeTestMethods(TestMethodWorker.java:125)
                        at org.testng.internal.TestMethodWorker.run(TestMethodWorker.java:109)
                        at org.testng.TestRunner.privateRun(TestRunner.java:648)
                        at org.testng.TestRunner.run(TestRunner.java:505)
                        at org.testng.SuiteRunner.runTest(SuiteRunner.java:455)
                        at org.testng.SuiteRunner.runSequentially(SuiteRunner.java:450)
                        at org.testng.SuiteRunner.privateRun(SuiteRunner.java:415)
                        at org.testng.SuiteRunner.run(SuiteRunner.java:364)
                        at org.testng.SuiteRunnerWorker.runSuite(SuiteRunnerWorker.java:52)
                        at org.testng.SuiteRunnerWorker.run(SuiteRunnerWorker.java:84)
                        at org.testng.TestNG.runSuitesSequentially(TestNG.java:1208)
                        at org.testng.TestNG.runSuitesLocally(TestNG.java:1137)
                        at org.testng.TestNG.runSuites(TestNG.java:1049)
                        at org.testng.TestNG.run(TestNG.java:1017)
                        at org.testng.remote.AbstractRemoteTestNG.run(AbstractRemoteTestNG.java:114)
                        at org.testng.remote.RemoteTestNG.initAndRun(RemoteTestNG.java:251)
                        at org.testng.remote.RemoteTestNG.main(RemoteTestNG.java:77)
                     </pre>
                  </div>
               </td>
            </tr>
            <tr id="ExtentReportsDemo.FirstReport_CloseBrowser_byClass_PASS3_row"
                class="testMethodStatusPASS testMethodStatusCONF">
               <td width="100%" class="firstMethodCell">
                  <a onclick="toggleDetailsVisibility('ExtentReportsDemo.FirstReport_CloseBrowser_byClass_PASS3_details')">CloseBrowser()</a>
               </td>
               <td nowrap="true">08:16:37</td>
               <td nowrap="true" align="right">136 ms
                  
               </td>
               <td nowrap="true">
                   
                  
               </td>
            </tr>
            <tr>
               <td colspan="4" class="detailsBox">
                  <div id="ExtentReportsDemo.FirstReport_CloseBrowser_byClass_PASS3_details"
                       class="testMethodDetails">
                     <div>
                        <b>Name: </b>CloseBrowser
                     </div>
                     <div>
                        <b>Signature: </b>CloseBrowser()[pri:0, instance:ExtentReportsDemo.FirstReport@a7b76d]
                     </div>
                     <div>
                        <b>Start time: </b>08:16:37
                     </div>
                     <div>
                        <b>End time: </b>08:16:37
                     </div>
                     <div>
                        <b>Duration: </b>136 ms
                        
                     </div>
                  </div>
               </td>
            </tr>
            <tr></tr>
         </table>
         <br></br>
      </div>
      <div style="margin-top: 15px; color: gray; text-align: center; font-size: 9px;">
         Generated with
         
         <a href="http://code.google.com/p/testng-xslt/" style="color: #8888aa;"
            target="_blank">
            TestNG XSLT
            
         </a>
      </div>
   </body>
</html>